2025-04-08 18:30:18.906481 - Received CBT.V508.FILE100.PDS from FILE100.XMI 
2025-04-08 18:30:18.910427 - Found $$$$DISC.txt (text/plain) in CBT.V508.FILE100.PDS, moved to PDS/$$$$DISC
2025-04-08 18:30:18.911056 - Found $$$#DATE.txt (text/plain) in CBT.V508.FILE100.PDS, moved to PDS/$$$#DATE
2025-04-08 18:30:18.911629 - Found $$$DOC.txt (text/plain) in CBT.V508.FILE100.PDS, moved to PDS/$$$DOC
2025-04-08 18:30:18.912201 - Found @FILE100.txt (text/plain) in CBT.V508.FILE100.PDS, moved to PDS/@FILE100
2025-04-08 18:30:18.912766 - Found ABRARCH1.txt (text/plain) in CBT.V508.FILE100.PDS, moved to PDS/ABRARCH1
2025-04-08 18:30:18.913380 - Found ABRARCH2.txt (text/plain) in CBT.V508.FILE100.PDS, moved to PDS/ABRARCH2
2025-04-08 18:30:18.914036 - Found ABRARCH3.txt (text/plain) in CBT.V508.FILE100.PDS, moved to PDS/ABRARCH3
2025-04-08 18:30:18.914652 - Found ABRARCH4.txt (text/plain) in CBT.V508.FILE100.PDS, moved to PDS/ABRARCH4
2025-04-08 18:30:18.915207 - Found ABRARCH5.txt (text/plain) in CBT.V508.FILE100.PDS, moved to PDS/ABRARCH5
2025-04-08 18:30:18.915782 - Found ABRARCH6.txt (text/plain) in CBT.V508.FILE100.PDS, moved to PDS/ABRARCH6
2025-04-08 18:30:18.916381 - Found ABRBKUP1.txt (text/plain) in CBT.V508.FILE100.PDS, moved to PDS/ABRBKUP1
2025-04-08 18:30:18.917024 - Found ABRBKUP2.txt (text/plain) in CBT.V508.FILE100.PDS, moved to PDS/ABRBKUP2
2025-04-08 18:30:18.917554 - Found ABRBKUP3.txt (text/plain) in CBT.V508.FILE100.PDS, moved to PDS/ABRBKUP3
2025-04-08 18:30:18.918106 - Found ABRBKUP4.txt (text/plain) in CBT.V508.FILE100.PDS, moved to PDS/ABRBKUP4
2025-04-08 18:30:18.918659 - Found ABRRPT1.txt (text/plain) in CBT.V508.FILE100.PDS, moved to PDS/ABRRPT1
2025-04-08 18:30:18.919211 - Found ABRRPT2.txt (text/plain) in CBT.V508.FILE100.PDS, moved to PDS/ABRRPT2
2025-04-08 18:30:18.919811 - Found ABRRPT3.txt (text/plain) in CBT.V508.FILE100.PDS, moved to PDS/ABRRPT3
2025-04-08 18:30:18.920421 - Found ABRRPT4.txt (text/plain) in CBT.V508.FILE100.PDS, moved to PDS/ABRRPT4
2025-04-08 18:30:18.921050 - Found ABRRPT5.txt (text/plain) in CBT.V508.FILE100.PDS, moved to PDS/ABRRPT5
2025-04-08 18:30:18.921613 - Found ABRRPT6.txt (text/plain) in CBT.V508.FILE100.PDS, moved to PDS/ABRRPT6
2025-04-08 18:30:18.933676 - Found ABRSEL.txt (text/plain) in CBT.V508.FILE100.PDS, moved to PDS/ABRSEL
2025-04-08 18:30:18.934258 - Found ABRSELA.txt (text/plain) in CBT.V508.FILE100.PDS, moved to PDS/ABRSELA
2025-04-08 18:30:18.934918 - Found ABRSELB.txt (text/plain) in CBT.V508.FILE100.PDS, moved to PDS/ABRSELB
2025-04-08 18:30:18.935449 - Found ABRSELP.txt (text/plain) in CBT.V508.FILE100.PDS, moved to PDS/ABRSELP
2025-04-08 18:30:18.936004 - Found ABR00.txt (text/plain) in CBT.V508.FILE100.PDS, moved to PDS/ABR00
2025-04-08 18:30:18.936639 - Found COBOL2.txt (text/plain) in CBT.V508.FILE100.PDS, moved to PDS/COBOL2
2025-04-08 18:30:18.937270 - Found COBOL2B.txt (text/plain) in CBT.V508.FILE100.PDS, moved to PDS/COBOL2B
2025-04-08 18:30:18.937923 - Found GENER1.txt (text/plain) in CBT.V508.FILE100.PDS, moved to PDS/GENER1
2025-04-08 18:30:18.938475 - Found INFOMGT1.txt (text/plain) in CBT.V508.FILE100.PDS, moved to PDS/INFOMGT1
2025-04-08 18:30:18.939031 - Found INFOSEL.txt (text/plain) in CBT.V508.FILE100.PDS, moved to PDS/INFOSEL
2025-04-08 18:30:18.939668 - Found ISR@PRIM.txt (text/plain) in CBT.V508.FILE100.PDS, moved to PDS/ISR@PRIM
2025-04-08 18:30:18.940226 - Found LINK3.txt (text/plain) in CBT.V508.FILE100.PDS, moved to PDS/LINK3
2025-04-08 18:30:18.940862 - Found LINK3B.txt (text/plain) in CBT.V508.FILE100.PDS, moved to PDS/LINK3B
2025-04-08 18:30:18.941517 - Found PLTCMPR1.txt (text/plain) in CBT.V508.FILE100.PDS, moved to PDS/PLTCMPR1
2025-04-08 18:30:18.942125 - Found PLTCM00.txt (text/plain) in CBT.V508.FILE100.PDS, moved to PDS/PLTCM00
2025-04-08 18:30:18.942710 - Found PSWDSEL.txt (text/plain) in CBT.V508.FILE100.PDS, moved to PDS/PSWDSEL
2025-04-08 18:30:18.943314 - Found PWADD.txt (text/plain) in CBT.V508.FILE100.PDS, moved to PDS/PWADD
2025-04-08 18:30:18.943993 - Found PWCHNG.txt (text/plain) in CBT.V508.FILE100.PDS, moved to PDS/PWCHNG
2025-04-08 18:30:18.944579 - Found PWDEL.txt (text/plain) in CBT.V508.FILE100.PDS, moved to PDS/PWDEL
2025-04-08 18:30:18.945189 - Found SASM00.txt (text/plain) in CBT.V508.FILE100.PDS, moved to PDS/SASM00
2025-04-08 18:30:18.945741 - Found S1ASM1.txt (text/plain) in CBT.V508.FILE100.PDS, moved to PDS/S1ASM1
2025-04-08 18:30:18.946316 - Found S1ASM1B.txt (text/plain) in CBT.V508.FILE100.PDS, moved to PDS/S1ASM1B
2025-04-08 18:30:18.946947 - Found S1ASM1BB.txt (text/plain) in CBT.V508.FILE100.PDS, moved to PDS/S1ASM1BB
2025-04-08 18:30:18.947510 - Found S1OBJ1.txt (text/plain) in CBT.V508.FILE100.PDS, moved to PDS/S1OBJ1
2025-04-08 18:30:18.948123 - Found TABRARCA.txt (text/plain) in CBT.V508.FILE100.PDS, moved to PDS/TABRARCA
2025-04-08 18:30:18.948759 - Found TABRARCB.txt (text/plain) in CBT.V508.FILE100.PDS, moved to PDS/TABRARCB
2025-04-08 18:30:18.949350 - Found TABRARCC.txt (text/plain) in CBT.V508.FILE100.PDS, moved to PDS/TABRARCC
2025-04-08 18:30:18.949909 - Found TABRARCD.txt (text/plain) in CBT.V508.FILE100.PDS, moved to PDS/TABRARCD
2025-04-08 18:30:18.950427 - Found TABRARC1.txt (text/plain) in CBT.V508.FILE100.PDS, moved to PDS/TABRARC1
2025-04-08 18:30:18.950993 - Found TABRARC2.txt (text/plain) in CBT.V508.FILE100.PDS, moved to PDS/TABRARC2
2025-04-08 18:30:18.951572 - Found TABRARC3.txt (text/plain) in CBT.V508.FILE100.PDS, moved to PDS/TABRARC3
2025-04-08 18:30:18.952170 - Found TABRARC4.txt (text/plain) in CBT.V508.FILE100.PDS, moved to PDS/TABRARC4
2025-04-08 18:30:18.952803 - Found TABRARC5.txt (text/plain) in CBT.V508.FILE100.PDS, moved to PDS/TABRARC5
2025-04-08 18:30:18.953759 - Found TABRARC6.txt (text/plain) in CBT.V508.FILE100.PDS, moved to PDS/TABRARC6
2025-04-08 18:30:18.954366 - Found TABRARC7.txt (text/plain) in CBT.V508.FILE100.PDS, moved to PDS/TABRARC7
2025-04-08 18:30:18.954928 - Found TABRARC8.txt (text/plain) in CBT.V508.FILE100.PDS, moved to PDS/TABRARC8
2025-04-08 18:30:18.955478 - Found TABRBKUA.txt (text/plain) in CBT.V508.FILE100.PDS, moved to PDS/TABRBKUA
2025-04-08 18:30:18.956039 - Found TABRBKUB.txt (text/plain) in CBT.V508.FILE100.PDS, moved to PDS/TABRBKUB
2025-04-08 18:30:18.956659 - Found TABRBKUC.txt (text/plain) in CBT.V508.FILE100.PDS, moved to PDS/TABRBKUC
2025-04-08 18:30:18.957227 - Found TABRBKU1.txt (text/plain) in CBT.V508.FILE100.PDS, moved to PDS/TABRBKU1
2025-04-08 18:30:18.957845 - Found TABRBKU2.txt (text/plain) in CBT.V508.FILE100.PDS, moved to PDS/TABRBKU2
2025-04-08 18:30:18.958492 - Found TABRBKU3.txt (text/plain) in CBT.V508.FILE100.PDS, moved to PDS/TABRBKU3
2025-04-08 18:30:18.959142 - Found TABRBKU4.txt (text/plain) in CBT.V508.FILE100.PDS, moved to PDS/TABRBKU4
2025-04-08 18:30:18.959757 - Found TABRBKU5.txt (text/plain) in CBT.V508.FILE100.PDS, moved to PDS/TABRBKU5
2025-04-08 18:30:18.960307 - Found TABRBKU6.txt (text/plain) in CBT.V508.FILE100.PDS, moved to PDS/TABRBKU6
2025-04-08 18:30:18.960861 - Found TABRBKU7.txt (text/plain) in CBT.V508.FILE100.PDS, moved to PDS/TABRBKU7
2025-04-08 18:30:18.961374 - Found TABRRPTA.txt (text/plain) in CBT.V508.FILE100.PDS, moved to PDS/TABRRPTA
2025-04-08 18:30:18.962000 - Found TABRRPTB.txt (text/plain) in CBT.V508.FILE100.PDS, moved to PDS/TABRRPTB
2025-04-08 18:30:18.962548 - Found TABRRPTC.txt (text/plain) in CBT.V508.FILE100.PDS, moved to PDS/TABRRPTC
2025-04-08 18:30:18.963094 - Found TABRRPTD.txt (text/plain) in CBT.V508.FILE100.PDS, moved to PDS/TABRRPTD
2025-04-08 18:30:18.963689 - Found TABRRPT1.txt (text/plain) in CBT.V508.FILE100.PDS, moved to PDS/TABRRPT1
2025-04-08 18:30:18.964297 - Found TABRRPT2.txt (text/plain) in CBT.V508.FILE100.PDS, moved to PDS/TABRRPT2
2025-04-08 18:30:18.964867 - Found TABRRPT3.txt (text/plain) in CBT.V508.FILE100.PDS, moved to PDS/TABRRPT3
2025-04-08 18:30:18.965376 - Found TABRRPT4.txt (text/plain) in CBT.V508.FILE100.PDS, moved to PDS/TABRRPT4
2025-04-08 18:30:18.966012 - Found TABRRPT5.txt (text/plain) in CBT.V508.FILE100.PDS, moved to PDS/TABRRPT5
2025-04-08 18:30:18.966557 - Found TABRRPT6.txt (text/plain) in CBT.V508.FILE100.PDS, moved to PDS/TABRRPT6
2025-04-08 18:30:18.967117 - Found TABRRPT7.txt (text/plain) in CBT.V508.FILE100.PDS, moved to PDS/TABRRPT7
2025-04-08 18:30:18.967719 - Found TABRRPT8.txt (text/plain) in CBT.V508.FILE100.PDS, moved to PDS/TABRRPT8
2025-04-08 18:30:18.968341 - Found TABRRPT9.txt (text/plain) in CBT.V508.FILE100.PDS, moved to PDS/TABRRPT9
2025-04-08 18:30:18.968955 - Found TPLTCMP1.txt (text/plain) in CBT.V508.FILE100.PDS, moved to PDS/TPLTCMP1
2025-04-08 18:30:18.969495 - Found TPLTCMP2.txt (text/plain) in CBT.V508.FILE100.PDS, moved to PDS/TPLTCMP2
2025-04-08 18:30:18.970251 - Found TS1ASM1.txt (text/plain) in CBT.V508.FILE100.PDS, moved to PDS/TS1ASM1
2025-04-08 18:30:18.970886 - Found TVTOCK.txt (text/plain) in CBT.V508.FILE100.PDS, moved to PDS/TVTOCK
2025-04-08 18:30:18.971540 - Found TVTOCK1.txt (text/plain) in CBT.V508.FILE100.PDS, moved to PDS/TVTOCK1
2025-04-08 18:30:18.972140 - Found TVTOCK2.txt (text/plain) in CBT.V508.FILE100.PDS, moved to PDS/TVTOCK2
2025-04-08 18:30:18.972693 - Found TVTOCK3.txt (text/plain) in CBT.V508.FILE100.PDS, moved to PDS/TVTOCK3
2025-04-08 18:30:18.973268 - Found TVTOCO.txt (text/plain) in CBT.V508.FILE100.PDS, moved to PDS/TVTOCO
2025-04-08 18:30:18.973856 - Found TVTOC1.txt (text/plain) in CBT.V508.FILE100.PDS, moved to PDS/TVTOC1
2025-04-08 18:30:18.974481 - Found TVTOC2.txt (text/plain) in CBT.V508.FILE100.PDS, moved to PDS/TVTOC2
2025-04-08 18:30:18.975095 - Found TVTOC3.txt (text/plain) in CBT.V508.FILE100.PDS, moved to PDS/TVTOC3
2025-04-08 18:30:18.975706 - Found USERSEL.txt (text/plain) in CBT.V508.FILE100.PDS, moved to PDS/USERSEL
2025-04-08 18:30:18.976354 - Found USERSELB.txt (text/plain) in CBT.V508.FILE100.PDS, moved to PDS/USERSELB
2025-04-08 18:30:18.976957 - Found USERVTOC.txt (text/plain) in CBT.V508.FILE100.PDS, moved to PDS/USERVTOC
2025-04-08 18:30:18.977587 - Found VTOC00.txt (text/plain) in CBT.V508.FILE100.PDS, moved to PDS/VTOC00
